10:44:52.958 INFO - Selenium build info: version: '3.6.0', revision: '6fbf3ec767'
10:44:52.959 INFO - Launching a standalone Selenium Server
2018-01-12 10:44:52.991:INFO::main: Logging initialized @558ms to org.seleniumhq.jetty9.util.log.StdErrLog
10:44:53.073 INFO - Driver class not found: com.opera.core.systems.OperaDriver
10:44:53.123 INFO - Driver provider class org.openqa.selenium.ie.InternetExplorerDriver registration is skipped:
 registration capabilities Capabilities [{ensureCleanSession=true, browserName=internet explorer, version=, platform=WINDOWS}] does not match the current platform MAC
10:44:53.124 INFO - Driver provider class org.openqa.selenium.edge.EdgeDriver registration is skipped:
 registration capabilities Capabilities [{browserName=MicrosoftEdge, version=, platform=WINDOWS}] does not match the current platform MAC
10:44:53.164 INFO - Using the passthrough mode handler
2018-01-12 10:44:53.201:INFO:osjs.Server:main: jetty-9.4.5.v20170502
2018-01-12 10:44:53.230:WARN:osjs.SecurityHandler:main: ServletContext@o.s.j.s.ServletContextHandler@887af79{/,null,STARTING} has uncovered http methods for path: /
2018-01-12 10:44:53.237:INFO:osjsh.ContextHandler:main: Started o.s.j.s.ServletContextHandler@887af79{/,null,AVAILABLE}
2018-01-12 10:44:53.289:INFO:osjs.AbstractConnector:main: Started ServerConnector@51cdd8a{HTTP/1.1,[http/1.1]}{0.0.0.0:4444}
2018-01-12 10:44:53.289:INFO:osjs.Server:main: Started @857ms
10:44:53.289 INFO - Selenium Server is up and running
2018-01-12 10:44:53.552:INFO:osjshC.ROOT:qtp511833308-12: org.openqa.selenium.remote.server.WebDriverServlet-3bfdc050: Initialising WebDriverServlet
10:44:53.600 INFO - Binding default provider to: org.openqa.selenium.chrome.ChromeDriverService
10:44:53.601 INFO - Found handler: org.openqa.selenium.remote.server.commandhandler.BeginSession@1f073e16
10:44:53.604 INFO - /session: Executing POST on /session (handler: BeginSession)
10:44:53.672 INFO - Capabilities are: Capabilities {acceptSslCerts=true, name=Debug, browserName=chrome, javascriptEnabled=true, platformName=ANY, platform=ANY, }
10:44:53.673 INFO - Capabilities {acceptSslCerts=true, name=Debug, browserName=chrome, javascriptEnabled=true, platformName=ANY, platform=ANY, } matched class org.openqa.selenium.remote.server.ServicedSession$Factory (provider: org.openqa.selenium.chrome.ChromeDriverService)
10:44:53.673 INFO - Capabilities {acceptSslCerts=true, name=Debug, browserName=chrome, javascriptEnabled=true, platformName=ANY, platform=ANY, } matched class org.openqa.selenium.remote.server.ServicedSession$Factory (provider: org.openqa.selenium.chrome.ChromeDriverService)
Starting ChromeDriver 2.33.506106 (8a06c39c4582fbfbab6966dbb1c38a9173bfb1a2) on port 37824
Only local connections are allowed.
10:44:55.261 INFO - Found handler: org.openqa.selenium.remote.server.ServicedSession@3a24d7aa
10:44:55.261 INFO - Handler thread for session 82dd4b00249e7a88af8706f053fddf23 (chrome): Executing POST on /session/82dd4b00249e7a88af8706f053fddf23/url (handler: ServicedSession)
10:44:55.263 INFO - To upstream: {"url":"https://google.com"}
10:44:56.082 INFO - To downstream: {"sessionId":"82dd4b00249e7a88af8706f053fddf23","status":0,"value":null}
10:44:56.090 INFO - Found handler: org.openqa.selenium.remote.server.ServicedSession@3a24d7aa
10:44:56.091 INFO - Handler thread for session 82dd4b00249e7a88af8706f053fddf23 (chrome): Executing DELETE on /session/82dd4b00249e7a88af8706f053fddf23 (handler: ServicedSession)
